<?xml version="1.0" encoding="UTF-8"?>
<testsuite name="CalculadoraTest" tests="4" skipped="0" failures="0" errors="0" timestamp="2022-03-09T16:00:23" hostname="DESKTOP-3VH0GR4" time="0.044">
  <properties/>
  <testcase name="multiplicacaoTest()" classname="CalculadoraTest" time="0.033"/>
  <testcase name="divisaoTest()" classname="CalculadoraTest" time="0.001"/>
  <testcase name="subtracaoTest()" classname="CalculadoraTest" time="0.001"/>
  <testcase name="adicaoTest()" classname="CalculadoraTest" time="0.005"/>
  <system-out><![CDATA[]]></system-out>
  <system-err><![CDATA[]]></system-err>
</testsuite>
